/usr/local/opt/python@3.9/bin/python3.9: can't find '__main__' module in '/Users/matthew/Documents/dev/playground/raspberry-pi-playground/app'
Traceback (most recent call last):
  File "/Users/matthew/Documents/dev/playground/raspberry-pi-playground/app/app.py", line 4, in <module>
    import setup_board as board
  File "/Users/matthew/Documents/dev/playground/raspberry-pi-playground/app/setup_board.py", line 6, in <module>
    from RPi import GPIO
ModuleNotFoundError: No module named 'RPi'
Traceback (most recent call last):
  File "/Users/matthew/Documents/dev/playground/raspberry-pi-playground/app/app.py", line 4, in <module>
    import setup_board as board
  File "/Users/matthew/Documents/dev/playground/raspberry-pi-playground/app/setup_board.py", line 6, in <module>
    from RPi import GPIO
ModuleNotFoundError: No module named 'RPi'
Traceback (most recent call last):
  File "/Users/matthew/Documents/dev/playground/raspberry-pi-playground/app/app.py", line 4, in <module>
    import setup_board as board
  File "/Users/matthew/Documents/dev/playground/raspberry-pi-playground/app/setup_board.py", line 6, in <module>
    from RPi import GPIO
ModuleNotFoundError: No module named 'RPi'
Traceback (most recent call last):
  File "/Users/matthew/Documents/dev/playground/raspberry-pi-playground/app/app.py", line 4, in <module>
    import setup_board as board
  File "/Users/matthew/Documents/dev/playground/raspberry-pi-playground/app/setup_board.py", line 6, in <module>
    from RPi import GPIO
ModuleNotFoundError: No module named 'RPi'
Traceback (most recent call last):
  File "/Users/matthew/Documents/dev/playground/raspberry-pi-playground/app/app.py", line 4, in <module>
    import setup_board as board
  File "/Users/matthew/Documents/dev/playground/raspberry-pi-playground/app/setup_board.py", line 6, in <module>
    from RPi import GPIO
ModuleNotFoundError: No module named 'RPi'
Traceback (most recent call last):
  File "/Users/matthew/Documents/dev/playground/raspberry-pi-playground/app/app.py", line 4, in <module>
    import setup_board as board
  File "/Users/matthew/Documents/dev/playground/raspberry-pi-playground/app/setup_board.py", line 6, in <module>
    from RPi import GPIO
ModuleNotFoundError: No module named 'RPi'
Traceback (most recent call last):
  File "/Users/matthew/Documents/dev/playground/raspberry-pi-playground/app/app.py", line 4, in <module>
    import setup_board as board
  File "/Users/matthew/Documents/dev/playground/raspberry-pi-playground/app/setup_board.py", line 6, in <module>
    from RPi import GPIO
ModuleNotFoundError: No module named 'RPi'
Traceback (most recent call last):
  File "/Users/matthew/Documents/dev/playground/raspberry-pi-playground/app/app.py", line 4, in <module>
    import setup_board as board
  File "/Users/matthew/Documents/dev/playground/raspberry-pi-playground/app/setup_board.py", line 6, in <module>
    from RPi import GPIO
ModuleNotFoundError: No module named 'RPi'
Traceback (most recent call last):
  File "/Users/matthew/Documents/dev/playground/raspberry-pi-playground/app/app.py", line 4, in <module>
    import setup_board as board
  File "/Users/matthew/Documents/dev/playground/raspberry-pi-playground/app/setup_board.py", line 6, in <module>
    from RPi import GPIO
ModuleNotFoundError: No module named 'RPi'
Traceback (most recent call last):
  File "/Users/matthew/Documents/dev/playground/raspberry-pi-playground/app/app.py", line 4, in <module>
    import setup_board as board
  File "/Users/matthew/Documents/dev/playground/raspberry-pi-playground/app/setup_board.py", line 6, in <module>
    from RPi import GPIO
ModuleNotFoundError: No module named 'RPi'
Traceback (most recent call last):
  File "/Users/matthew/Documents/dev/playground/raspberry-pi-playground/app/app.py", line 4, in <module>
    import setup_board as board
  File "/Users/matthew/Documents/dev/playground/raspberry-pi-playground/app/setup_board.py", line 6, in <module>
    from RPi import GPIO
ModuleNotFoundError: No module named 'RPi'
Traceback (most recent call last):
  File "/Users/matthew/Documents/dev/playground/raspberry-pi-playground/app/app.py", line 4, in <module>
    import setup_board as board
  File "/Users/matthew/Documents/dev/playground/raspberry-pi-playground/app/setup_board.py", line 6, in <module>
    from RPi import GPIO
ModuleNotFoundError: No module named 'RPi'
Traceback (most recent call last):
  File "/Users/matthew/Documents/dev/playground/raspberry-pi-playground/app/app.py", line 4, in <module>
    import setup_board as board
  File "/Users/matthew/Documents/dev/playground/raspberry-pi-playground/app/setup_board.py", line 6, in <module>
    from RPi import GPIO
ModuleNotFoundError: No module named 'RPi'
Traceback (most recent call last):
  File "/Users/matthew/Documents/dev/playground/raspberry-pi-playground/app/app.py", line 4, in <module>
    import setup_board as board
  File "/Users/matthew/Documents/dev/playground/raspberry-pi-playground/app/setup_board.py", line 6, in <module>
    from RPi import GPIO
ModuleNotFoundError: No module named 'RPi'
Traceback (most recent call last):
  File "/Users/matthew/Documents/dev/playground/raspberry-pi-playground/app/app.py", line 4, in <module>
    import setup_board as board
  File "/Users/matthew/Documents/dev/playground/raspberry-pi-playground/app/setup_board.py", line 6, in <module>
    from RPi import GPIO
ModuleNotFoundError: No module named 'RPi'
Traceback (most recent call last):
  File "/Users/matthew/Documents/dev/playground/raspberry-pi-playground/app/app.py", line 4, in <module>
    import setup_board as board
  File "/Users/matthew/Documents/dev/playground/raspberry-pi-playground/app/setup_board.py", line 6, in <module>
    from RPi import GPIO
ModuleNotFoundError: No module named 'RPi'
2020-12-27 20:22:22 INFO     Hello World!
2020-12-27 20:22:22 INFO     Setting up GPIO
2020-12-27 20:22:23 DEBUG    Light 17 turning on...
2020-12-27 20:22:23 DEBUG    Light 17 on a
2020-12-27 20:22:24 DEBUG    Light 17 turning off...
2020-12-27 20:22:24 DEBUG    Light 17 off
2020-12-27 20:22:25 DEBUG    Light 17 turning off...
2020-12-27 20:22:25 DEBUG    Light 17 off
2020-12-27 20:22:25 DEBUG    Light 17 turning on...
2020-12-27 20:22:25 DEBUG    Light 17 on a
2020-12-27 20:22:26 DEBUG    Light 17 turning off...
2020-12-27 20:22:26 DEBUG    Light 17 off
2020-12-27 20:22:27 DEBUG    Light 17 turning off...
2020-12-27 20:22:27 DEBUG    Light 17 off
2020-12-27 20:22:27 DEBUG    Light 17 turning on...
2020-12-27 20:22:27 DEBUG    Light 17 on a
2020-12-27 20:22:28 DEBUG    Light 17 turning off...
2020-12-27 20:22:28 DEBUG    Light 17 off
Traceback (most recent call last):
  File "/Users/matthew/Documents/dev/playground/raspberry-pi-playground/app/app.py", line 4, in <module>
    import setup_board as board
  File "/Users/matthew/Documents/dev/playground/raspberry-pi-playground/app/setup_board.py", line 6, in <module>
    from RPi import GPIO
ModuleNotFoundError: No module named 'RPi'
2020-12-27 20:22:29 DEBUG    Light 17 turning off...
2020-12-27 20:22:29 DEBUG    Light 17 off
2020-12-27 20:22:29 DEBUG    Light 17 turning on...
2020-12-27 20:22:29 DEBUG    Light 17 on a
2020-12-27 20:22:30 DEBUG    Light 17 turning off...
2020-12-27 20:22:30 DEBUG    Light 17 off
2020-12-27 20:22:31 DEBUG    Light 17 turning off...
2020-12-27 20:22:31 DEBUG    Light 17 off
2020-12-27 20:22:31 DEBUG    Light 17 turning on...
2020-12-27 20:22:31 DEBUG    Light 17 on a
2020-12-27 20:22:32 DEBUG    Light 17 turning off...
2020-12-27 20:22:32 DEBUG    Light 17 off
2020-12-27 20:22:33 DEBUG    Light 17 turning off...
2020-12-27 20:22:33 DEBUG    Light 17 off
2020-12-27 20:22:33 DEBUG    Light 17 turning on...
2020-12-27 20:22:33 DEBUG    Light 17 on a
2020-12-27 20:22:34 DEBUG    Light 17 turning off...
2020-12-27 20:22:34 DEBUG    Light 17 off
2020-12-27 20:22:35 DEBUG    Light 17 turning off...
2020-12-27 20:22:35 DEBUG    Light 17 off
2020-12-27 20:22:35 DEBUG    Light 17 turning on...
2020-12-27 20:22:35 DEBUG    Light 17 on a
2020-12-27 20:22:36 DEBUG    Light 17 turning off...
2020-12-27 20:22:36 DEBUG    Light 17 off
2020-12-27 20:22:37 DEBUG    Light 17 turning off...
2020-12-27 20:22:37 DEBUG    Light 17 off
2020-12-27 20:22:37 DEBUG    Light 17 turning on...
2020-12-27 20:22:37 DEBUG    Light 17 on a
2020-12-27 20:22:38 DEBUG    Light 17 turning off...
2020-12-27 20:22:38 DEBUG    Light 17 off
2020-12-27 20:22:39 DEBUG    Light 17 turning off...
2020-12-27 20:22:39 DEBUG    Light 17 off
2020-12-27 20:22:39 DEBUG    Light 17 turning on...
2020-12-27 20:22:39 DEBUG    Light 17 on a
2020-12-27 20:22:40 DEBUG    Light 17 turning off...
2020-12-27 20:22:40 DEBUG    Light 17 off
2020-12-27 20:22:41 DEBUG    Light 17 turning off...
2020-12-27 20:22:42 DEBUG    Light 17 off
2020-12-27 20:22:42 DEBUG    Light 17 turning on...
2020-12-27 20:22:42 DEBUG    Light 17 on a
2020-12-27 20:22:43 DEBUG    Light 17 turning off...
2020-12-27 20:22:43 DEBUG    Light 17 off
2020-12-27 20:22:44 DEBUG    Light 17 turning off...
2020-12-27 20:22:44 DEBUG    Light 17 off
2020-12-27 20:22:44 DEBUG    Light 17 turning on...
2020-12-27 20:22:44 DEBUG    Light 17 on a
2020-12-27 20:22:45 DEBUG    Light 17 turning off...
2020-12-27 20:22:45 DEBUG    Light 17 off
2020-12-27 20:22:46 DEBUG    Light 17 turning off...
2020-12-27 20:22:46 DEBUG    Light 17 off
2020-12-27 20:22:46 DEBUG    Light 17 turning on...
2020-12-27 20:22:46 DEBUG    Light 17 on a
2020-12-27 20:22:47 DEBUG    Light 17 turning off...
2020-12-27 20:22:47 DEBUG    Light 17 off
2020-12-27 20:22:48 DEBUG    Light 17 turning off...
2020-12-27 20:22:48 DEBUG    Light 17 off
2020-12-27 20:22:48 DEBUG    Light 17 turning on...
2020-12-27 20:22:48 DEBUG    Light 17 on a
2020-12-27 20:22:49 DEBUG    Light 17 turning off...
2020-12-27 20:22:49 DEBUG    Light 17 off
2020-12-27 20:22:50 DEBUG    Light 17 turning off...
2020-12-27 20:22:50 DEBUG    Light 17 off
2020-12-27 20:22:50 DEBUG    Light 17 turning on...
2020-12-27 20:22:50 DEBUG    Light 17 on a
2020-12-27 20:22:51 DEBUG    Light 17 turning off...
2020-12-27 20:22:51 DEBUG    Light 17 off
2020-12-27 20:22:52 DEBUG    Light 17 turning off...
2020-12-27 20:22:52 DEBUG    Light 17 off
2020-12-27 20:22:52 DEBUG    Light 17 turning on...
2020-12-27 20:22:52 DEBUG    Light 17 on a
2020-12-27 20:22:53 DEBUG    Light 17 turning off...
2020-12-27 20:22:53 DEBUG    Light 17 off
2020-12-27 20:22:54 DEBUG    Light 17 turning off...
2020-12-27 20:22:54 DEBUG    Light 17 off
2020-12-27 20:22:54 DEBUG    Light 17 turning on...
2020-12-27 20:22:54 DEBUG    Light 17 on a
2020-12-27 20:22:55 DEBUG    Light 17 turning off...
2020-12-27 20:22:55 DEBUG    Light 17 off
2020-12-27 20:22:56 DEBUG    Light 17 turning off...
2020-12-27 20:22:56 DEBUG    Light 17 off
2020-12-27 20:22:56 DEBUG    Light 17 turning on...
2020-12-27 20:22:56 DEBUG    Light 17 on a
2020-12-27 20:22:57 DEBUG    Light 17 turning off...
2020-12-27 20:22:57 DEBUG    Light 17 off
2020-12-27 20:22:58 DEBUG    Light 17 turning off...
2020-12-27 20:22:58 DEBUG    Light 17 off
2020-12-27 20:22:58 DEBUG    Light 17 turning on...
2020-12-27 20:22:58 DEBUG    Light 17 on a
2020-12-27 20:22:59 DEBUG    Light 17 turning off...
2020-12-27 20:22:59 DEBUG    Light 17 off
2020-12-27 20:23:00 DEBUG    Light 17 turning off...
2020-12-27 20:23:00 DEBUG    Light 17 off
2020-12-27 20:23:00 DEBUG    Light 17 turning on...
2020-12-27 20:23:00 DEBUG    Light 17 on a
2020-12-27 20:23:01 DEBUG    Light 17 turning off...
2020-12-27 20:23:01 DEBUG    Light 17 off
2020-12-27 20:23:02 DEBUG    Light 17 turning off...
2020-12-27 20:23:02 DEBUG    Light 17 off
2020-12-27 20:23:02 DEBUG    Light 17 turning on...
2020-12-27 20:23:02 DEBUG    Light 17 on a
2020-12-27 20:23:03 DEBUG    Light 17 turning off...
2020-12-27 20:23:03 DEBUG    Light 17 off
2020-12-27 20:23:04 DEBUG    Light 17 turning off...
2020-12-27 20:23:04 DEBUG    Light 17 off
2020-12-27 20:23:04 DEBUG    Light 17 turning on...
2020-12-27 20:23:04 DEBUG    Light 17 on a
2020-12-27 20:23:05 DEBUG    Light 17 turning off...
2020-12-27 20:23:05 DEBUG    Light 17 off
2020-12-27 20:23:06 DEBUG    Light 17 turning off...
2020-12-27 20:23:06 DEBUG    Light 17 off
2020-12-27 20:23:06 DEBUG    Light 17 turning on...
2020-12-27 20:23:06 DEBUG    Light 17 on a
2020-12-27 20:23:07 DEBUG    Light 17 turning off...
2020-12-27 20:23:07 DEBUG    Light 17 off
2020-12-27 20:23:08 DEBUG    Light 17 turning off...
2020-12-27 20:23:08 DEBUG    Light 17 off
2020-12-27 20:23:08 DEBUG    Light 17 turning on...
2020-12-27 20:23:08 DEBUG    Light 17 on a
2020-12-27 20:23:09 DEBUG    Light 17 turning off...
2020-12-27 20:23:09 DEBUG    Light 17 off
2020-12-27 20:23:10 DEBUG    Light 17 turning off...
2020-12-27 20:23:10 DEBUG    Light 17 off
2020-12-27 20:23:10 DEBUG    Light 17 turning on...
2020-12-27 20:23:10 DEBUG    Light 17 on a
2020-12-27 20:23:11 DEBUG    Light 17 turning off...
2020-12-27 20:23:11 DEBUG    Light 17 off
2020-12-27 20:23:12 DEBUG    Light 17 turning off...
2020-12-27 20:23:12 DEBUG    Light 17 off
2020-12-27 20:23:12 DEBUG    Light 17 turning on...
2020-12-27 20:23:12 DEBUG    Light 17 on a
2020-12-27 20:23:13 DEBUG    Light 17 turning off...
2020-12-27 20:23:13 DEBUG    Light 17 off
2020-12-27 20:23:14 DEBUG    Light 17 turning off...
2020-12-27 20:23:14 DEBUG    Light 17 off
2020-12-27 20:23:14 DEBUG    Light 17 turning on...
2020-12-27 20:23:14 DEBUG    Light 17 on a
2020-12-27 20:23:15 DEBUG    Light 17 turning off...
2020-12-27 20:23:15 DEBUG    Light 17 off
2020-12-27 20:23:16 DEBUG    Light 17 turning off...
2020-12-27 20:23:16 DEBUG    Light 17 off
2020-12-27 20:23:16 DEBUG    Light 17 turning on...
2020-12-27 20:23:16 DEBUG    Light 17 on a
2020-12-27 20:23:17 DEBUG    Light 17 turning off...
2020-12-27 20:23:17 DEBUG    Light 17 off
2020-12-27 20:23:18 DEBUG    Light 17 turning off...
2020-12-27 20:23:18 DEBUG    Light 17 off
2020-12-27 20:23:18 DEBUG    Light 17 turning on...
2020-12-27 20:23:18 DEBUG    Light 17 on a
2020-12-27 20:23:19 DEBUG    Light 17 turning off...
2020-12-27 20:23:19 DEBUG    Light 17 off
2020-12-27 20:23:20 DEBUG    Light 17 turning off...
2020-12-27 20:23:20 DEBUG    Light 17 off
2020-12-27 20:23:20 DEBUG    Light 17 turning on...
2020-12-27 20:23:20 DEBUG    Light 17 on a
2020-12-27 20:23:21 DEBUG    Light 17 turning off...
2020-12-27 20:23:21 DEBUG    Light 17 off
2020-12-27 20:23:22 DEBUG    Light 17 turning off...
2020-12-27 20:23:22 DEBUG    Light 17 off
2020-12-27 20:23:22 DEBUG    Light 17 turning on...
2020-12-27 20:23:22 DEBUG    Light 17 on a
2020-12-27 20:23:23 DEBUG    Light 17 turning off...
2020-12-27 20:23:23 DEBUG    Light 17 off
2020-12-27 20:23:24 DEBUG    Light 17 turning off...
2020-12-27 20:23:24 DEBUG    Light 17 off
2020-12-27 20:23:24 DEBUG    Light 17 turning on...
2020-12-27 20:23:24 DEBUG    Light 17 on a
2020-12-27 20:23:25 DEBUG    Light 17 turning off...
2020-12-27 20:23:25 DEBUG    Light 17 off
2020-12-27 20:23:26 DEBUG    Light 17 turning off...
2020-12-27 20:23:26 DEBUG    Light 17 off
2020-12-27 20:23:26 DEBUG    Light 17 turning on...
2020-12-27 20:23:26 DEBUG    Light 17 on a
2020-12-27 20:23:27 DEBUG    Light 17 turning off...
2020-12-27 20:23:27 DEBUG    Light 17 off
2020-12-27 20:23:28 DEBUG    Light 17 turning off...
2020-12-27 20:23:28 DEBUG    Light 17 off
2020-12-27 20:23:28 DEBUG    Light 17 turning on...
2020-12-27 20:23:28 DEBUG    Light 17 on a
2020-12-27 20:23:29 DEBUG    Light 17 turning off...
2020-12-27 20:23:29 DEBUG    Light 17 off
2020-12-27 20:23:30 DEBUG    Light 17 turning off...
2020-12-27 20:23:30 DEBUG    Light 17 off
2020-12-27 20:23:30 DEBUG    Light 17 turning on...
2020-12-27 20:23:30 DEBUG    Light 17 on a
2020-12-27 20:23:31 DEBUG    Light 17 turning off...
2020-12-27 20:23:31 DEBUG    Light 17 off
2020-12-27 20:23:32 DEBUG    Light 17 turning off...
2020-12-27 20:23:32 DEBUG    Light 17 off
2020-12-27 20:23:32 DEBUG    Light 17 turning on...
2020-12-27 20:23:32 DEBUG    Light 17 on a
2020-12-27 20:23:33 DEBUG    Light 17 turning off...
2020-12-27 20:23:33 DEBUG    Light 17 off
2020-12-27 20:23:34 DEBUG    Light 17 turning off...
2020-12-27 20:23:34 DEBUG    Light 17 off
2020-12-27 20:23:34 DEBUG    Light 17 turning on...
2020-12-27 20:23:34 DEBUG    Light 17 on a
2020-12-27 20:23:35 DEBUG    Light 17 turning off...
2020-12-27 20:23:35 DEBUG    Light 17 off
2020-12-27 20:23:36 DEBUG    Light 17 turning off...
2020-12-27 20:23:36 DEBUG    Light 17 off
2020-12-27 20:23:36 DEBUG    Light 17 turning on...
2020-12-27 20:23:36 DEBUG    Light 17 on a
2020-12-27 20:23:37 DEBUG    Light 17 turning off...
2020-12-27 20:23:37 DEBUG    Light 17 off
2020-12-27 20:23:38 DEBUG    Light 17 turning off...
2020-12-27 20:23:38 DEBUG    Light 17 off
2020-12-27 20:23:38 DEBUG    Light 17 turning on...
2020-12-27 20:23:38 DEBUG    Light 17 on a
2020-12-27 20:23:39 DEBUG    Light 17 turning off...
2020-12-27 20:23:39 DEBUG    Light 17 off
2020-12-27 20:23:40 DEBUG    Light 17 turning off...
2020-12-27 20:23:40 DEBUG    Light 17 off
2020-12-27 20:23:40 DEBUG    Light 17 turning on...
2020-12-27 20:23:40 DEBUG    Light 17 on a
2020-12-27 20:23:41 DEBUG    Light 17 turning off...
2020-12-27 20:23:41 DEBUG    Light 17 off
2020-12-27 20:23:42 DEBUG    Light 17 turning off...
2020-12-27 20:23:42 DEBUG    Light 17 off
2020-12-27 20:23:42 DEBUG    Light 17 turning on...
2020-12-27 20:23:42 DEBUG    Light 17 on a
2020-12-27 20:23:43 DEBUG    Light 17 turning off...
2020-12-27 20:23:43 DEBUG    Light 17 off
2020-12-27 20:23:44 DEBUG    Light 17 turning off...
2020-12-27 20:23:44 DEBUG    Light 17 off
2020-12-27 20:23:44 DEBUG    Light 17 turning on...
2020-12-27 20:23:44 DEBUG    Light 17 on a
2020-12-27 20:23:45 DEBUG    Light 17 turning off...
2020-12-27 20:23:45 DEBUG    Light 17 off
2020-12-27 20:23:46 DEBUG    Light 17 turning off...
2020-12-27 20:23:46 DEBUG    Light 17 off
2020-12-27 20:23:46 DEBUG    Light 17 turning on...
2020-12-27 20:23:46 DEBUG    Light 17 on a
2020-12-27 20:23:47 DEBUG    Light 17 turning off...
2020-12-27 20:23:47 DEBUG    Light 17 off
2020-12-27 20:23:48 DEBUG    Light 17 turning off...
2020-12-27 20:23:48 DEBUG    Light 17 off
2020-12-27 20:23:48 DEBUG    Light 17 turning on...
2020-12-27 20:23:48 DEBUG    Light 17 on a
2020-12-27 20:23:49 DEBUG    Light 17 turning off...
2020-12-27 20:23:49 DEBUG    Light 17 off
2020-12-27 20:23:50 DEBUG    Light 17 turning off...
2020-12-27 20:23:50 DEBUG    Light 17 off
2020-12-27 20:23:50 DEBUG    Light 17 turning on...
2020-12-27 20:23:50 DEBUG    Light 17 on a
2020-12-27 20:23:51 DEBUG    Light 17 turning off...
2020-12-27 20:23:51 DEBUG    Light 17 off
2020-12-27 20:23:52 DEBUG    Light 17 turning off...
2020-12-27 20:23:52 DEBUG    Light 17 off
2020-12-27 20:23:52 DEBUG    Light 17 turning on...
2020-12-27 20:23:52 DEBUG    Light 17 on a
2020-12-27 20:23:53 DEBUG    Light 17 turning off...
2020-12-27 20:23:53 DEBUG    Light 17 off
2020-12-27 20:23:54 DEBUG    Light 17 turning off...
2020-12-27 20:23:54 DEBUG    Light 17 off
2020-12-27 20:23:54 DEBUG    Light 17 turning on...
2020-12-27 20:23:54 DEBUG    Light 17 on a
2020-12-27 20:23:55 DEBUG    Light 17 turning off...
2020-12-27 20:23:55 DEBUG    Light 17 off
2020-12-27 20:23:56 DEBUG    Light 17 turning off...
2020-12-27 20:23:56 DEBUG    Light 17 off
2020-12-27 20:23:56 DEBUG    Light 17 turning on...
2020-12-27 20:23:56 DEBUG    Light 17 on a
2020-12-27 20:23:57 DEBUG    Light 17 turning off...
2020-12-27 20:23:57 DEBUG    Light 17 off
2020-12-27 20:23:58 DEBUG    Light 17 turning off...
2020-12-27 20:23:58 DEBUG    Light 17 off
2020-12-27 20:23:58 DEBUG    Light 17 turning on...
2020-12-27 20:23:58 DEBUG    Light 17 on a
2020-12-27 20:23:59 DEBUG    Light 17 turning off...
2020-12-27 20:23:59 DEBUG    Light 17 off
2020-12-27 20:24:00 DEBUG    Light 17 turning off...
2020-12-27 20:24:00 DEBUG    Light 17 off
2020-12-27 20:24:00 DEBUG    Light 17 turning on...
2020-12-27 20:24:00 DEBUG    Light 17 on a
2020-12-27 20:24:01 DEBUG    Light 17 turning off...
2020-12-27 20:24:01 DEBUG    Light 17 off
2020-12-27 20:24:02 DEBUG    Light 17 turning off...
2020-12-27 20:24:02 DEBUG    Light 17 off
2020-12-27 20:24:02 DEBUG    Light 17 turning on...
2020-12-27 20:24:02 DEBUG    Light 17 on a
2020-12-27 20:24:03 DEBUG    Light 17 turning off...
2020-12-27 20:24:03 DEBUG    Light 17 off
2020-12-27 20:24:04 DEBUG    Light 17 turning off...
2020-12-27 20:24:04 DEBUG    Light 17 off
2020-12-27 20:24:04 DEBUG    Light 17 turning on...
2020-12-27 20:24:04 DEBUG    Light 17 on a
2020-12-27 20:24:05 DEBUG    Light 17 turning off...
2020-12-27 20:24:05 DEBUG    Light 17 off
2020-12-27 20:24:06 DEBUG    Light 17 turning off...
2020-12-27 20:24:06 DEBUG    Light 17 off
2020-12-27 20:24:06 DEBUG    Light 17 turning on...
2020-12-27 20:24:06 DEBUG    Light 17 on a
2020-12-27 20:24:07 DEBUG    Light 17 turning off...
2020-12-27 20:24:07 DEBUG    Light 17 off
2020-12-27 20:24:08 DEBUG    Light 17 turning off...
2020-12-27 20:24:08 DEBUG    Light 17 off
2020-12-27 20:24:08 DEBUG    Light 17 turning on...
2020-12-27 20:24:08 DEBUG    Light 17 on a
2020-12-27 20:24:09 DEBUG    Light 17 turning off...
2020-12-27 20:24:09 DEBUG    Light 17 off
2020-12-27 20:24:10 DEBUG    Light 17 turning off...
2020-12-27 20:24:10 DEBUG    Light 17 off
2020-12-27 20:24:10 DEBUG    Light 17 turning on...
2020-12-27 20:24:10 DEBUG    Light 17 on a
2020-12-27 20:24:11 DEBUG    Light 17 turning off...
2020-12-27 20:24:11 DEBUG    Light 17 off
2020-12-27 20:24:12 DEBUG    Light 17 turning off...
2020-12-27 20:24:12 DEBUG    Light 17 off
2020-12-27 20:24:12 DEBUG    Light 17 turning on...
2020-12-27 20:24:12 DEBUG    Light 17 on a
2020-12-27 20:24:13 DEBUG    Light 17 turning off...
2020-12-27 20:24:13 DEBUG    Light 17 off
2020-12-27 20:24:14 DEBUG    Light 17 turning off...
2020-12-27 20:24:14 DEBUG    Light 17 off
2020-12-27 20:24:14 DEBUG    Light 17 turning on...
2020-12-27 20:24:14 DEBUG    Light 17 on a
2020-12-27 20:24:15 DEBUG    Light 17 turning off...
2020-12-27 20:24:15 DEBUG    Light 17 off
2020-12-27 20:24:16 DEBUG    Light 17 turning off...
2020-12-27 20:24:16 DEBUG    Light 17 off
2020-12-27 20:24:16 DEBUG    Light 17 turning on...
2020-12-27 20:24:16 DEBUG    Light 17 on a
2020-12-27 20:24:17 DEBUG    Light 17 turning off...
2020-12-27 20:24:17 DEBUG    Light 17 off
2020-12-27 20:24:18 DEBUG    Light 17 turning off...
2020-12-27 20:24:18 DEBUG    Light 17 off
2020-12-27 20:24:18 DEBUG    Light 17 turning on...
2020-12-27 20:24:18 DEBUG    Light 17 on a
2020-12-27 20:24:19 DEBUG    Light 17 turning off...
2020-12-27 20:24:19 DEBUG    Light 17 off
2020-12-27 20:24:20 DEBUG    Light 17 turning off...
2020-12-27 20:24:20 DEBUG    Light 17 off
2020-12-27 20:24:20 DEBUG    Light 17 turning on...
2020-12-27 20:24:20 DEBUG    Light 17 on a
2020-12-27 20:24:21 DEBUG    Light 17 turning off...
2020-12-27 20:24:21 DEBUG    Light 17 off
2020-12-27 20:24:22 DEBUG    Light 17 turning off...
2020-12-27 20:24:22 DEBUG    Light 17 off
2020-12-27 20:24:22 DEBUG    Light 17 turning on...
2020-12-27 20:24:22 DEBUG    Light 17 on a
2020-12-27 20:24:23 DEBUG    Light 17 turning off...
2020-12-27 20:24:23 DEBUG    Light 17 off
2020-12-27 20:24:24 DEBUG    Light 17 turning off...
2020-12-27 20:24:24 DEBUG    Light 17 off
2020-12-27 20:24:24 DEBUG    Light 17 turning on...
2020-12-27 20:24:24 DEBUG    Light 17 on a
2020-12-27 20:24:25 DEBUG    Light 17 turning off...
2020-12-27 20:24:25 DEBUG    Light 17 off
2020-12-27 20:24:26 DEBUG    Light 17 turning off...
2020-12-27 20:24:26 DEBUG    Light 17 off
2020-12-27 20:24:26 DEBUG    Light 17 turning on...
2020-12-27 20:24:26 DEBUG    Light 17 on a
2020-12-27 20:24:27 DEBUG    Light 17 turning off...
2020-12-27 20:24:27 DEBUG    Light 17 off
2020-12-27 20:24:28 DEBUG    Light 17 turning off...
2020-12-27 20:24:28 DEBUG    Light 17 off
2020-12-27 20:24:28 DEBUG    Light 17 turning on...
2020-12-27 20:24:28 DEBUG    Light 17 on a
2020-12-27 20:24:29 DEBUG    Light 17 turning off...
2020-12-27 20:24:29 DEBUG    Light 17 off
2020-12-27 20:24:30 DEBUG    Light 17 turning off...
2020-12-27 20:24:30 DEBUG    Light 17 off
2020-12-27 20:24:30 DEBUG    Light 17 turning on...
2020-12-27 20:24:30 DEBUG    Light 17 on a
2020-12-27 20:24:31 DEBUG    Light 17 turning off...
2020-12-27 20:24:31 DEBUG    Light 17 off
2020-12-27 20:24:32 DEBUG    Light 17 turning off...
2020-12-27 20:24:32 DEBUG    Light 17 off
2020-12-27 20:24:32 DEBUG    Light 17 turning on...
2020-12-27 20:24:32 DEBUG    Light 17 on a
2020-12-27 20:24:33 DEBUG    Light 17 turning off...
2020-12-27 20:24:33 DEBUG    Light 17 off
2020-12-27 20:24:34 DEBUG    Light 17 turning off...
2020-12-27 20:24:34 DEBUG    Light 17 off
2020-12-27 20:24:34 DEBUG    Light 17 turning on...
2020-12-27 20:24:34 DEBUG    Light 17 on a
2020-12-27 20:24:35 DEBUG    Light 17 turning off...
2020-12-27 20:24:35 DEBUG    Light 17 off
2020-12-27 20:24:36 DEBUG    Light 17 turning off...
2020-12-27 20:24:36 DEBUG    Light 17 off
2020-12-27 20:24:36 DEBUG    Light 17 turning on...
2020-12-27 20:24:36 DEBUG    Light 17 on a
2020-12-27 20:24:37 DEBUG    Light 17 turning off...
2020-12-27 20:24:37 DEBUG    Light 17 off
2020-12-27 20:24:38 DEBUG    Light 17 turning off...
2020-12-27 20:24:38 DEBUG    Light 17 off
2020-12-27 20:24:38 DEBUG    Light 17 turning on...
2020-12-27 20:24:38 DEBUG    Light 17 on a
2020-12-27 20:24:39 DEBUG    Light 17 turning off...
2020-12-27 20:24:39 DEBUG    Light 17 off
2020-12-27 20:24:40 DEBUG    Light 17 turning off...
2020-12-27 20:24:40 DEBUG    Light 17 off
2020-12-27 20:24:40 DEBUG    Light 17 turning on...
2020-12-27 20:24:40 DEBUG    Light 17 on a
2020-12-27 20:24:41 DEBUG    Light 17 turning off...
2020-12-27 20:24:41 DEBUG    Light 17 off
2020-12-27 20:24:42 DEBUG    Light 17 turning off...
2020-12-27 20:24:42 DEBUG    Light 17 off
2020-12-27 20:24:42 DEBUG    Light 17 turning on...
2020-12-27 20:24:42 DEBUG    Light 17 on a
2020-12-27 20:24:43 DEBUG    Light 17 turning off...
2020-12-27 20:24:43 DEBUG    Light 17 off
2020-12-27 20:24:44 DEBUG    Light 17 turning off...
2020-12-27 20:24:44 DEBUG    Light 17 off
2020-12-27 20:24:44 DEBUG    Light 17 turning on...
2020-12-27 20:24:44 DEBUG    Light 17 on a
2020-12-27 20:24:45 DEBUG    Light 17 turning off...
2020-12-27 20:24:45 DEBUG    Light 17 off
2020-12-27 20:24:46 DEBUG    Light 17 turning off...
2020-12-27 20:24:46 DEBUG    Light 17 off
2020-12-27 20:24:46 DEBUG    Light 17 turning on...
2020-12-27 20:24:46 DEBUG    Light 17 on a
2020-12-27 20:24:47 DEBUG    Light 17 turning off...
2020-12-27 20:24:47 DEBUG    Light 17 off
2020-12-27 20:24:48 DEBUG    Light 17 turning off...
2020-12-27 20:24:48 DEBUG    Light 17 off
2020-12-27 20:24:48 DEBUG    Light 17 turning on...
2020-12-27 20:24:48 DEBUG    Light 17 on a
2020-12-27 20:24:49 DEBUG    Light 17 turning off...
2020-12-27 20:24:49 DEBUG    Light 17 off
2020-12-27 20:24:50 DEBUG    Light 17 turning off...
2020-12-27 20:24:50 DEBUG    Light 17 off
2020-12-27 20:24:50 DEBUG    Light 17 turning on...
2020-12-27 20:24:50 DEBUG    Light 17 on a
2020-12-27 20:24:51 DEBUG    Light 17 turning off...
2020-12-27 20:24:51 DEBUG    Light 17 off
2020-12-27 20:24:52 DEBUG    Light 17 turning off...
2020-12-27 20:24:52 DEBUG    Light 17 off
2020-12-27 20:24:52 DEBUG    Light 17 turning on...
2020-12-27 20:24:52 DEBUG    Light 17 on a
2020-12-27 20:24:53 DEBUG    Light 17 turning off...
2020-12-27 20:24:53 DEBUG    Light 17 off
2020-12-27 20:24:54 DEBUG    Light 17 turning off...
2020-12-27 20:24:54 DEBUG    Light 17 off
2020-12-27 20:24:54 DEBUG    Light 17 turning on...
2020-12-27 20:24:54 DEBUG    Light 17 on a
2020-12-27 20:24:55 DEBUG    Light 17 turning off...
2020-12-27 20:24:55 DEBUG    Light 17 off
2020-12-27 20:24:56 DEBUG    Light 17 turning off...
2020-12-27 20:24:56 DEBUG    Light 17 off
2020-12-27 20:24:56 DEBUG    Light 17 turning on...
2020-12-27 20:24:56 DEBUG    Light 17 on a
2020-12-27 20:24:57 DEBUG    Light 17 turning off...
2020-12-27 20:24:57 DEBUG    Light 17 off
2020-12-27 20:24:58 DEBUG    Light 17 turning off...
2020-12-27 20:24:58 DEBUG    Light 17 off
2020-12-27 20:24:58 DEBUG    Light 17 turning on...
2020-12-27 20:24:58 DEBUG    Light 17 on a
2020-12-27 20:24:59 DEBUG    Light 17 turning off...
2020-12-27 20:24:59 DEBUG    Light 17 off
2020-12-27 20:25:00 DEBUG    Light 17 turning off...
2020-12-27 20:25:00 DEBUG    Light 17 off
2020-12-27 20:25:00 DEBUG    Light 17 turning on...
2020-12-27 20:25:00 DEBUG    Light 17 on a
2020-12-27 20:25:01 DEBUG    Light 17 turning off...
2020-12-27 20:25:01 DEBUG    Light 17 off
2020-12-27 20:25:02 DEBUG    Light 17 turning off...
2020-12-27 20:25:02 DEBUG    Light 17 off
2020-12-27 20:25:02 DEBUG    Light 17 turning on...
2020-12-27 20:25:02 DEBUG    Light 17 on a
2020-12-27 20:25:03 DEBUG    Light 17 turning off...
2020-12-27 20:25:03 DEBUG    Light 17 off
2020-12-27 20:25:04 DEBUG    Light 17 turning off...
2020-12-27 20:25:04 DEBUG    Light 17 off
2020-12-27 20:25:04 DEBUG    Light 17 turning on...
2020-12-27 20:25:04 DEBUG    Light 17 on a
2020-12-27 20:25:05 DEBUG    Light 17 turning off...
2020-12-27 20:25:05 DEBUG    Light 17 off
2020-12-27 20:25:06 DEBUG    Light 17 turning off...
2020-12-27 20:25:06 DEBUG    Light 17 off
2020-12-27 20:25:06 DEBUG    Light 17 turning on...
2020-12-27 20:25:06 DEBUG    Light 17 on a
2020-12-27 20:25:07 DEBUG    Light 17 turning off...
2020-12-27 20:25:07 DEBUG    Light 17 off
2020-12-27 20:25:08 DEBUG    Light 17 turning off...
2020-12-27 20:25:08 DEBUG    Light 17 off
2020-12-27 20:25:08 DEBUG    Light 17 turning on...
2020-12-27 20:25:08 DEBUG    Light 17 on a
2020-12-27 20:25:09 DEBUG    Light 17 turning off...
2020-12-27 20:25:09 DEBUG    Light 17 off
2020-12-27 20:25:10 DEBUG    Light 17 turning off...
2020-12-27 20:25:10 DEBUG    Light 17 off
2020-12-27 20:25:10 DEBUG    Light 17 turning on...
2020-12-27 20:25:10 DEBUG    Light 17 on a
2020-12-27 20:25:11 DEBUG    Light 17 turning off...
2020-12-27 20:25:11 DEBUG    Light 17 off
2020-12-27 20:25:12 DEBUG    Light 17 turning off...
2020-12-27 20:25:12 DEBUG    Light 17 off
2020-12-27 20:25:12 DEBUG    Light 17 turning on...
2020-12-27 20:25:12 DEBUG    Light 17 on a
2020-12-27 20:25:13 DEBUG    Light 17 turning off...
2020-12-27 20:25:13 DEBUG    Light 17 off
2020-12-27 20:25:14 DEBUG    Light 17 turning off...
2020-12-27 20:25:14 DEBUG    Light 17 off
2020-12-27 20:25:14 DEBUG    Light 17 turning on...
2020-12-27 20:25:14 DEBUG    Light 17 on a
2020-12-27 20:25:15 DEBUG    Light 17 turning off...
2020-12-27 20:25:15 DEBUG    Light 17 off
2020-12-27 20:25:16 DEBUG    Light 17 turning off...
2020-12-27 20:25:16 DEBUG    Light 17 off
2020-12-27 20:25:16 DEBUG    Light 17 turning on...
2020-12-27 20:25:16 DEBUG    Light 17 on a
2020-12-27 20:25:17 DEBUG    Light 17 turning off...
2020-12-27 20:25:17 DEBUG    Light 17 off
2020-12-27 20:25:18 DEBUG    Light 17 turning off...
2020-12-27 20:25:18 DEBUG    Light 17 off
2020-12-27 20:25:18 DEBUG    Light 17 turning on...
2020-12-27 20:25:18 DEBUG    Light 17 on a
2020-12-27 20:25:19 DEBUG    Light 17 turning off...
2020-12-27 20:25:19 DEBUG    Light 17 off
2020-12-27 20:25:20 DEBUG    Light 17 turning off...
2020-12-27 20:25:20 DEBUG    Light 17 off
2020-12-27 20:25:20 DEBUG    Light 17 turning on...
2020-12-27 20:25:20 DEBUG    Light 17 on a
2020-12-27 20:25:21 DEBUG    Light 17 turning off...
2020-12-27 20:25:21 DEBUG    Light 17 off
2020-12-27 20:25:22 DEBUG    Light 17 turning off...
2020-12-27 20:25:22 DEBUG    Light 17 off
2020-12-27 20:25:22 DEBUG    Light 17 turning on...
2020-12-27 20:25:22 DEBUG    Light 17 on a
2020-12-27 20:25:23 DEBUG    Light 17 turning off...
2020-12-27 20:25:23 DEBUG    Light 17 off
2020-12-27 20:25:24 DEBUG    Light 17 turning off...
2020-12-27 20:25:24 DEBUG    Light 17 off
2020-12-27 20:25:24 DEBUG    Light 17 turning on...
2020-12-27 20:25:24 DEBUG    Light 17 on a
2020-12-27 20:25:25 DEBUG    Light 17 turning off...
2020-12-27 20:25:25 DEBUG    Light 17 off
2020-12-27 20:25:26 DEBUG    Light 17 turning off...
2020-12-27 20:25:26 DEBUG    Light 17 off
2020-12-27 20:25:26 DEBUG    Light 17 turning on...
2020-12-27 20:25:26 DEBUG    Light 17 on a
2020-12-27 20:25:27 DEBUG    Light 17 turning off...
2020-12-27 20:25:27 DEBUG    Light 17 off
2020-12-27 20:25:28 DEBUG    Light 17 turning off...
2020-12-27 20:25:28 DEBUG    Light 17 off
2020-12-27 20:25:28 DEBUG    Light 17 turning on...
2020-12-27 20:25:28 DEBUG    Light 17 on a
2020-12-27 20:25:29 DEBUG    Light 17 turning off...
2020-12-27 20:25:29 DEBUG    Light 17 off
2020-12-27 20:25:30 DEBUG    Light 17 turning off...
2020-12-27 20:25:30 DEBUG    Light 17 off
2020-12-27 20:25:30 DEBUG    Light 17 turning on...
2020-12-27 20:25:30 DEBUG    Light 17 on a
2020-12-27 20:25:31 DEBUG    Light 17 turning off...
2020-12-27 20:25:31 DEBUG    Light 17 off
2020-12-27 20:25:32 DEBUG    Light 17 turning off...
2020-12-27 20:25:32 DEBUG    Light 17 off
2020-12-27 20:25:32 DEBUG    Light 17 turning on...
2020-12-27 20:25:32 DEBUG    Light 17 on a
2020-12-27 20:25:33 DEBUG    Light 17 turning off...
2020-12-27 20:25:33 DEBUG    Light 17 off
2020-12-27 20:25:34 DEBUG    Light 17 turning off...
2020-12-27 20:25:34 DEBUG    Light 17 off
2020-12-27 20:25:34 DEBUG    Light 17 turning on...
2020-12-27 20:25:34 DEBUG    Light 17 on a
2020-12-27 20:25:35 DEBUG    Light 17 turning off...
2020-12-27 20:25:35 DEBUG    Light 17 off
2020-12-27 20:25:36 DEBUG    Light 17 turning off...
2020-12-27 20:25:36 DEBUG    Light 17 off
2020-12-27 20:25:36 DEBUG    Light 17 turning on...
2020-12-27 20:25:36 DEBUG    Light 17 on a
2020-12-27 20:25:37 DEBUG    Light 17 turning off...
2020-12-27 20:25:37 DEBUG    Light 17 off
2020-12-27 20:25:38 DEBUG    Light 17 turning off...
2020-12-27 20:25:38 DEBUG    Light 17 off
2020-12-27 20:25:38 DEBUG    Light 17 turning on...
2020-12-27 20:25:38 DEBUG    Light 17 on a
2020-12-27 20:25:39 DEBUG    Light 17 turning off...
2020-12-27 20:25:39 DEBUG    Light 17 off
2020-12-27 20:25:40 DEBUG    Light 17 turning off...
2020-12-27 20:25:40 DEBUG    Light 17 off
2020-12-27 20:25:40 DEBUG    Light 17 turning on...
2020-12-27 20:25:40 DEBUG    Light 17 on a
2020-12-27 20:25:41 DEBUG    Light 17 turning off...
2020-12-27 20:25:41 DEBUG    Light 17 off
